2025-06-02 19:02:44 0 [Note] Starting MariaDB 10.4.32-MariaDB source revision c4143f909528e3fab0677a28631d10389354c491 as process 15868
2025-06-02 19:02:44 0 [Note] InnoDB: Mutexes and rw_locks use Windows interlocked functions
2025-06-02 19:02:44 0 [Note] InnoDB: Uses event mutexes
2025-06-02 19:02:44 0 [Note] InnoDB: Compressed tables use zlib 1.3
2025-06-02 19:02:44 0 [Note] InnoDB: Number of pools: 1
2025-06-02 19:02:44 0 [Note] InnoDB: Using SSE2 crc32 instructions
2025-06-02 19:02:44 0 [Note] InnoDB: Initializing buffer pool, total size = 16M, instances = 1, chunk size = 16M
2025-06-02 19:02:44 0 [Note] InnoDB: Completed initialization of buffer pool
2025-06-02 19:02:44 0 [Note] InnoDB: Starting crash recovery from checkpoint LSN=300288
2025-06-02 19:02:45 0 [Note] InnoDB: 128 out of 128 rollback segments are active.
2025-06-02 19:02:45 0 [Note] InnoDB: Removed temporary tablespace data file: "ibtmp1"
2025-06-02 19:02:45 0 [Note] InnoDB: Creating shared tablespace for temporary tables
2025-06-02 19:02:45 0 [Note] InnoDB: Setting file 'C:\xampp\mysql\data\ibtmp1' size to 12 MB. Physically writing the file full; Please wait ...
2025-06-02 19:02:45 0 [Note] InnoDB: File 'C:\xampp\mysql\data\ibtmp1' size is now 12 MB.
2025-06-02 19:02:45 0 [Note] InnoDB: Waiting for purge to start
2025-06-02 19:02:45 0 [Note] InnoDB: 10.4.32 started; log sequence number 300297; transaction id 170
2025-06-02 19:02:45 0 [Note] InnoDB: Loading buffer pool(s) from C:\xampp\mysql\data\ib_buffer_pool
2025-06-02 19:02:45 0 [Note] Plugin 'FEEDBACK' is disabled.
2025-06-02 19:02:45 0 [Note] Server socket created on IP: '::'.
2025-06-02 19:06:38 0 [Note] Starting MariaDB 10.4.32-MariaDB source revision c4143f909528e3fab0677a28631d10389354c491 as process 10668
2025-06-02 19:06:38 0 [Note] InnoDB: Mutexes and rw_locks use Windows interlocked functions
2025-06-02 19:06:38 0 [Note] InnoDB: Uses event mutexes
2025-06-02 19:06:38 0 [Note] InnoDB: Compressed tables use zlib 1.3
2025-06-02 19:06:38 0 [Note] InnoDB: Number of pools: 1
2025-06-02 19:06:38 0 [Note] InnoDB: Using SSE2 crc32 instructions
2025-06-02 19:06:38 0 [Note] InnoDB: Initializing buffer pool, total size = 16M, instances = 1, chunk size = 16M
2025-06-02 19:06:38 0 [Note] InnoDB: Completed initialization of buffer pool
2025-06-02 19:06:38 0 [Note] InnoDB: Starting crash recovery from checkpoint LSN=300306
2025-06-02 19:06:38 0 [Note] InnoDB: 128 out of 128 rollback segments are active.
2025-06-02 19:06:38 0 [Note] InnoDB: Removed temporary tablespace data file: "ibtmp1"
2025-06-02 19:06:38 0 [Note] InnoDB: Creating shared tablespace for temporary tables
2025-06-02 19:06:38 0 [Note] InnoDB: Setting file 'C:\xampp\mysql\data\ibtmp1' size to 12 MB. Physically writing the file full; Please wait ...
2025-06-02 19:06:38 0 [Note] InnoDB: File 'C:\xampp\mysql\data\ibtmp1' size is now 12 MB.
2025-06-02 19:06:38 0 [Note] InnoDB: Waiting for purge to start
2025-06-02 19:06:38 0 [Note] InnoDB: 10.4.32 started; log sequence number 300315; transaction id 170
2025-06-02 19:06:38 0 [Note] InnoDB: Loading buffer pool(s) from C:\xampp\mysql\data\ib_buffer_pool
2025-06-02 19:06:38 0 [Note] Plugin 'FEEDBACK' is disabled.
2025-06-02 19:06:38 0 [Note] Server socket created on IP: '::'.
2025-06-02 19:08:13 0 [Note] Starting MariaDB 10.4.32-MariaDB source revision c4143f909528e3fab0677a28631d10389354c491 as process 15976
2025-06-02 19:08:13 0 [Note] InnoDB: Mutexes and rw_locks use Windows interlocked functions
2025-06-02 19:08:13 0 [Note] InnoDB: Uses event mutexes
2025-06-02 19:08:13 0 [Note] InnoDB: Compressed tables use zlib 1.3
2025-06-02 19:08:13 0 [Note] InnoDB: Number of pools: 1
2025-06-02 19:08:13 0 [Note] InnoDB: Using SSE2 crc32 instructions
2025-06-02 19:08:13 0 [Note] InnoDB: Initializing buffer pool, total size = 16M, instances = 1, chunk size = 16M
2025-06-02 19:08:13 0 [Note] InnoDB: Completed initialization of buffer pool
2025-06-02 19:08:13 0 [Note] InnoDB: Starting crash recovery from checkpoint LSN=300324
2025-06-02 19:08:13 0 [Note] InnoDB: 128 out of 128 rollback segments are active.
2025-06-02 19:08:13 0 [Note] InnoDB: Removed temporary tablespace data file: "ibtmp1"
2025-06-02 19:08:13 0 [Note] InnoDB: Creating shared tablespace for temporary tables
2025-06-02 19:08:13 0 [Note] InnoDB: Setting file 'C:\xampp\mysql\data\ibtmp1' size to 12 MB. Physically writing the file full; Please wait ...
2025-06-02 19:08:13 0 [Note] InnoDB: File 'C:\xampp\mysql\data\ibtmp1' size is now 12 MB.
2025-06-02 19:08:13 0 [Note] InnoDB: Waiting for purge to start
2025-06-02 19:08:13 0 [Note] InnoDB: 10.4.32 started; log sequence number 300333; transaction id 170
2025-06-02 19:08:13 0 [Note] InnoDB: Loading buffer pool(s) from C:\xampp\mysql\data\ib_buffer_pool
2025-06-02 19:08:13 0 [Note] Plugin 'FEEDBACK' is disabled.
2025-06-02 19:08:13 0 [Note] Server socket created on IP: '::'.
2025-06-03 22:09:30 0 [Note] Starting MariaDB 10.4.32-MariaDB source revision c4143f909528e3fab0677a28631d10389354c491 as process 24556
2025-06-03 22:09:30 0 [Note] InnoDB: Mutexes and rw_locks use Windows interlocked functions
2025-06-03 22:09:30 0 [Note] InnoDB: Uses event mutexes
2025-06-03 22:09:30 0 [Note] InnoDB: Compressed tables use zlib 1.3
2025-06-03 22:09:30 0 [Note] InnoDB: Number of pools: 1
2025-06-03 22:09:30 0 [Note] InnoDB: Using SSE2 crc32 instructions
2025-06-03 22:09:30 0 [Note] InnoDB: Initializing buffer pool, total size = 16M, instances = 1, chunk size = 16M
2025-06-03 22:09:30 0 [Note] InnoDB: Completed initialization of buffer pool
2025-06-03 22:09:30 0 [Note] InnoDB: Starting crash recovery from checkpoint LSN=300342
2025-06-03 22:09:30 0 [Note] InnoDB: 128 out of 128 rollback segments are active.
2025-06-03 22:09:30 0 [Note] InnoDB: Removed temporary tablespace data file: "ibtmp1"
2025-06-03 22:09:30 0 [Note] InnoDB: Creating shared tablespace for temporary tables
2025-06-03 22:09:30 0 [Note] InnoDB: Setting file 'C:\xampp\mysql\data\ibtmp1' size to 12 MB. Physically writing the file full; Please wait ...
2025-06-03 22:09:30 0 [Note] InnoDB: File 'C:\xampp\mysql\data\ibtmp1' size is now 12 MB.
2025-06-03 22:09:30 0 [Note] InnoDB: Waiting for purge to start
2025-06-03 22:09:30 0 [Note] InnoDB: 10.4.32 started; log sequence number 300351; transaction id 170
2025-06-03 22:09:30 0 [Note] InnoDB: Loading buffer pool(s) from C:\xampp\mysql\data\ib_buffer_pool
2025-06-03 22:09:30 0 [Note] Plugin 'FEEDBACK' is disabled.
2025-06-03 22:09:30 0 [Note] InnoDB: Buffer pool(s) load completed at 250603 22:09:30
2025-06-03 22:09:31 0 [Note] Server socket created on IP: '::'.
2025-06-04 18:13:58 0 [Note] Starting MariaDB 10.4.32-MariaDB source revision c4143f909528e3fab0677a28631d10389354c491 as process 5904
2025-06-04 18:13:58 0 [Note] InnoDB: Mutexes and rw_locks use Windows interlocked functions
2025-06-04 18:13:58 0 [Note] InnoDB: Uses event mutexes
2025-06-04 18:13:58 0 [Note] InnoDB: Compressed tables use zlib 1.3
2025-06-04 18:13:58 0 [Note] InnoDB: Number of pools: 1
2025-06-04 18:13:58 0 [Note] InnoDB: Using SSE2 crc32 instructions
2025-06-04 18:13:58 0 [Note] InnoDB: Initializing buffer pool, total size = 16M, instances = 1, chunk size = 16M
2025-06-04 18:13:58 0 [Note] InnoDB: Completed initialization of buffer pool
2025-06-04 18:13:58 0 [Note] InnoDB: Starting crash recovery from checkpoint LSN=300360
2025-06-04 18:13:59 0 [Note] InnoDB: 128 out of 128 rollback segments are active.
2025-06-04 18:13:59 0 [Note] InnoDB: Removed temporary tablespace data file: "ibtmp1"
2025-06-04 18:13:59 0 [Note] InnoDB: Creating shared tablespace for temporary tables
2025-06-04 18:13:59 0 [Note] InnoDB: Setting file 'C:\xampp\mysql\data\ibtmp1' size to 12 MB. Physically writing the file full; Please wait ...
2025-06-04 18:13:59 0 [Note] InnoDB: File 'C:\xampp\mysql\data\ibtmp1' size is now 12 MB.
2025-06-04 18:13:59 0 [Note] InnoDB: Waiting for purge to start
2025-06-04 18:13:59 0 [Note] InnoDB: 10.4.32 started; log sequence number 300369; transaction id 170
2025-06-04 18:13:59 0 [Note] InnoDB: Loading buffer pool(s) from C:\xampp\mysql\data\ib_buffer_pool
2025-06-04 18:13:59 0 [Note] Plugin 'FEEDBACK' is disabled.
2025-06-04 18:13:59 0 [Note] Server socket created on IP: '::'.
2025-06-04 23:53:17 0 [Note] Starting MariaDB 10.4.32-MariaDB source revision c4143f909528e3fab0677a28631d10389354c491 as process 25244
2025-06-04 23:53:17 0 [Note] InnoDB: Mutexes and rw_locks use Windows interlocked functions
2025-06-04 23:53:17 0 [Note] InnoDB: Uses event mutexes
2025-06-04 23:53:17 0 [Note] InnoDB: Compressed tables use zlib 1.3
2025-06-04 23:53:17 0 [Note] InnoDB: Number of pools: 1
2025-06-04 23:53:17 0 [Note] InnoDB: Using SSE2 crc32 instructions
2025-06-04 23:53:17 0 [Note] InnoDB: Initializing buffer pool, total size = 16M, instances = 1, chunk size = 16M
2025-06-04 23:53:17 0 [Note] InnoDB: Completed initialization of buffer pool
2025-06-04 23:53:17 0 [Note] InnoDB: Starting crash recovery from checkpoint LSN=300378
2025-06-04 23:53:17 0 [Note] InnoDB: 128 out of 128 rollback segments are active.
2025-06-04 23:53:17 0 [Note] InnoDB: Removed temporary tablespace data file: "ibtmp1"
2025-06-04 23:53:17 0 [Note] InnoDB: Creating shared tablespace for temporary tables
2025-06-04 23:53:17 0 [Note] InnoDB: Setting file 'C:\xampp\mysql\data\ibtmp1' size to 12 MB. Physically writing the file full; Please wait ...
2025-06-04 23:53:17 0 [Note] InnoDB: File 'C:\xampp\mysql\data\ibtmp1' size is now 12 MB.
2025-06-04 23:53:17 0 [Note] InnoDB: Waiting for purge to start
2025-06-04 23:53:17 0 [Note] InnoDB: 10.4.32 started; log sequence number 300387; transaction id 170
2025-06-04 23:53:17 0 [Note] InnoDB: Loading buffer pool(s) from C:\xampp\mysql\data\ib_buffer_pool
2025-06-04 23:53:17 0 [Note] Plugin 'FEEDBACK' is disabled.
2025-06-04 23:53:17 0 [Note] Server socket created on IP: '::'.
2025-06-06 21:28:56 0 [Note] Starting MariaDB 10.4.32-MariaDB source revision c4143f909528e3fab0677a28631d10389354c491 as process 18992
2025-06-06 21:28:56 0 [Note] InnoDB: Mutexes and rw_locks use Windows interlocked functions
2025-06-06 21:28:56 0 [Note] InnoDB: Uses event mutexes
2025-06-06 21:28:56 0 [Note] InnoDB: Compressed tables use zlib 1.3
2025-06-06 21:28:56 0 [Note] InnoDB: Number of pools: 1
2025-06-06 21:28:56 0 [Note] InnoDB: Using SSE2 crc32 instructions
2025-06-06 21:28:56 0 [Note] InnoDB: Initializing buffer pool, total size = 16M, instances = 1, chunk size = 16M
2025-06-06 21:28:56 0 [Note] InnoDB: Completed initialization of buffer pool
2025-06-06 21:28:56 0 [Note] InnoDB: Starting crash recovery from checkpoint LSN=300396
2025-06-06 21:28:57 0 [Note] InnoDB: 128 out of 128 rollback segments are active.
2025-06-06 21:28:57 0 [Note] InnoDB: Removed temporary tablespace data file: "ibtmp1"
2025-06-06 21:28:57 0 [Note] InnoDB: Creating shared tablespace for temporary tables
2025-06-06 21:28:57 0 [Note] InnoDB: Setting file 'C:\xampp\mysql\data\ibtmp1' size to 12 MB. Physically writing the file full; Please wait ...
2025-06-06 21:28:57 0 [Note] InnoDB: File 'C:\xampp\mysql\data\ibtmp1' size is now 12 MB.
2025-06-06 21:28:57 0 [Note] InnoDB: Waiting for purge to start
2025-06-06 21:28:57 0 [Note] InnoDB: 10.4.32 started; log sequence number 300405; transaction id 170
2025-06-06 21:28:57 0 [Note] Plugin 'FEEDBACK' is disabled.
2025-06-06 21:28:57 0 [Note] InnoDB: Loading buffer pool(s) from C:\xampp\mysql\data\ib_buffer_pool
2025-06-06 21:28:57 0 [Note] Server socket created on IP: '::'.
2025-06-07  0:22:45 0 [Note] Starting MariaDB 10.4.32-MariaDB source revision c4143f909528e3fab0677a28631d10389354c491 as process 12564
2025-06-07  0:22:45 0 [Note] InnoDB: Mutexes and rw_locks use Windows interlocked functions
2025-06-07  0:22:45 0 [Note] InnoDB: Uses event mutexes
2025-06-07  0:22:45 0 [Note] InnoDB: Compressed tables use zlib 1.3
2025-06-07  0:22:45 0 [Note] InnoDB: Number of pools: 1
2025-06-07  0:22:45 0 [Note] InnoDB: Using SSE2 crc32 instructions
2025-06-07  0:22:45 0 [Note] InnoDB: Initializing buffer pool, total size = 16M, instances = 1, chunk size = 16M
2025-06-07  0:22:45 0 [Note] InnoDB: Completed initialization of buffer pool
2025-06-07  0:22:45 0 [Note] InnoDB: Starting crash recovery from checkpoint LSN=300414
2025-06-07  0:22:45 0 [Note] InnoDB: 128 out of 128 rollback segments are active.
2025-06-07  0:22:45 0 [Note] InnoDB: Removed temporary tablespace data file: "ibtmp1"
2025-06-07  0:22:45 0 [Note] InnoDB: Creating shared tablespace for temporary tables
2025-06-07  0:22:45 0 [Note] InnoDB: Setting file 'C:\xampp\mysql\data\ibtmp1' size to 12 MB. Physically writing the file full; Please wait ...
2025-06-07  0:22:45 0 [Note] InnoDB: File 'C:\xampp\mysql\data\ibtmp1' size is now 12 MB.
2025-06-07  0:22:45 0 [Note] InnoDB: Waiting for purge to start
2025-06-07  0:22:46 0 [Note] InnoDB: 10.4.32 started; log sequence number 300423; transaction id 170
2025-06-07  0:22:46 0 [Note] InnoDB: Loading buffer pool(s) from C:\xampp\mysql\data\ib_buffer_pool
2025-06-07  0:22:46 0 [Note] Plugin 'FEEDBACK' is disabled.
2025-06-07  0:22:46 0 [Note] Server socket created on IP: '::'.
2025-06-07 22:58:32 0 [Note] Starting MariaDB 10.4.32-MariaDB source revision c4143f909528e3fab0677a28631d10389354c491 as process 22828
2025-06-07 22:58:32 0 [Note] InnoDB: Mutexes and rw_locks use Windows interlocked functions
2025-06-07 22:58:32 0 [Note] InnoDB: Uses event mutexes
2025-06-07 22:58:32 0 [Note] InnoDB: Compressed tables use zlib 1.3
2025-06-07 22:58:32 0 [Note] InnoDB: Number of pools: 1
2025-06-07 22:58:32 0 [Note] InnoDB: Using SSE2 crc32 instructions
2025-06-07 22:58:32 0 [Note] InnoDB: Initializing buffer pool, total size = 16M, instances = 1, chunk size = 16M
2025-06-07 22:58:32 0 [Note] InnoDB: Completed initialization of buffer pool
2025-06-07 22:58:32 0 [Note] InnoDB: Starting crash recovery from checkpoint LSN=300432
2025-06-07 22:58:32 0 [Note] InnoDB: 128 out of 128 rollback segments are active.
2025-06-07 22:58:32 0 [Note] InnoDB: Removed temporary tablespace data file: "ibtmp1"
2025-06-07 22:58:32 0 [Note] InnoDB: Creating shared tablespace for temporary tables
2025-06-07 22:58:32 0 [Note] InnoDB: Setting file 'C:\xampp\mysql\data\ibtmp1' size to 12 MB. Physically writing the file full; Please wait ...
2025-06-07 22:58:32 0 [Note] InnoDB: File 'C:\xampp\mysql\data\ibtmp1' size is now 12 MB.
2025-06-07 22:58:32 0 [Note] InnoDB: Waiting for purge to start
2025-06-07 22:58:32 0 [Note] InnoDB: 10.4.32 started; log sequence number 300441; transaction id 170
2025-06-07 22:58:32 0 [Note] InnoDB: Loading buffer pool(s) from C:\xampp\mysql\data\ib_buffer_pool
2025-06-07 22:58:32 0 [Note] Plugin 'FEEDBACK' is disabled.
2025-06-07 22:58:32 0 [Note] Server socket created on IP: '::'.
2025-06-10  2:54:06 0 [Note] Starting MariaDB 10.4.32-MariaDB source revision c4143f909528e3fab0677a28631d10389354c491 as process 19228
2025-06-10  2:54:06 0 [Note] InnoDB: Mutexes and rw_locks use Windows interlocked functions
2025-06-10  2:54:06 0 [Note] InnoDB: Uses event mutexes
2025-06-10  2:54:06 0 [Note] InnoDB: Compressed tables use zlib 1.3
2025-06-10  2:54:06 0 [Note] InnoDB: Number of pools: 1
2025-06-10  2:54:06 0 [Note] InnoDB: Using SSE2 crc32 instructions
2025-06-10  2:54:06 0 [Note] InnoDB: Initializing buffer pool, total size = 16M, instances = 1, chunk size = 16M
2025-06-10  2:54:06 0 [Note] InnoDB: Completed initialization of buffer pool
2025-06-10  2:54:06 0 [Note] InnoDB: Starting crash recovery from checkpoint LSN=300450
2025-06-10  2:54:06 0 [Note] InnoDB: 128 out of 128 rollback segments are active.
2025-06-10  2:54:06 0 [Note] InnoDB: Removed temporary tablespace data file: "ibtmp1"
2025-06-10  2:54:06 0 [Note] InnoDB: Creating shared tablespace for temporary tables
2025-06-10  2:54:06 0 [Note] InnoDB: Setting file 'C:\xampp\mysql\data\ibtmp1' size to 12 MB. Physically writing the file full; Please wait ...
2025-06-10  2:54:06 0 [Note] InnoDB: File 'C:\xampp\mysql\data\ibtmp1' size is now 12 MB.
2025-06-10  2:54:06 0 [Note] InnoDB: Waiting for purge to start
2025-06-10  2:54:06 0 [Note] InnoDB: 10.4.32 started; log sequence number 300459; transaction id 170
2025-06-10  2:54:06 0 [Note] InnoDB: Loading buffer pool(s) from C:\xampp\mysql\data\ib_buffer_pool
2025-06-10  2:54:06 0 [Note] Plugin 'FEEDBACK' is disabled.
2025-06-10  2:54:06 0 [Note] Server socket created on IP: '::'.
2025-06-10  4:05:09 0 [Note] Starting MariaDB 10.4.32-MariaDB source revision c4143f909528e3fab0677a28631d10389354c491 as process 14788
2025-06-10  4:05:09 0 [Note] InnoDB: Mutexes and rw_locks use Windows interlocked functions
2025-06-10  4:05:09 0 [Note] InnoDB: Uses event mutexes
2025-06-10  4:05:09 0 [Note] InnoDB: Compressed tables use zlib 1.3
2025-06-10  4:05:09 0 [Note] InnoDB: Number of pools: 1
2025-06-10  4:05:09 0 [Note] InnoDB: Using SSE2 crc32 instructions
2025-06-10  4:05:09 0 [Note] InnoDB: Initializing buffer pool, total size = 16M, instances = 1, chunk size = 16M
2025-06-10  4:05:09 0 [Note] InnoDB: Completed initialization of buffer pool
2025-06-10  4:05:09 0 [Note] InnoDB: Starting crash recovery from checkpoint LSN=300468
2025-06-10  4:05:09 0 [Note] InnoDB: 128 out of 128 rollback segments are active.
2025-06-10  4:05:09 0 [Note] InnoDB: Removed temporary tablespace data file: "ibtmp1"
2025-06-10  4:05:09 0 [Note] InnoDB: Creating shared tablespace for temporary tables
2025-06-10  4:05:09 0 [Note] InnoDB: Setting file 'C:\xampp\mysql\data\ibtmp1' size to 12 MB. Physically writing the file full; Please wait ...
2025-06-10  4:05:09 0 [Note] InnoDB: File 'C:\xampp\mysql\data\ibtmp1' size is now 12 MB.
2025-06-10  4:05:09 0 [Note] InnoDB: Waiting for purge to start
2025-06-10  4:05:09 0 [Note] InnoDB: 10.4.32 started; log sequence number 300477; transaction id 170
2025-06-10  4:05:09 0 [Note] InnoDB: Loading buffer pool(s) from C:\xampp\mysql\data\ib_buffer_pool
2025-06-10  4:05:09 0 [Note] Plugin 'FEEDBACK' is disabled.
2025-06-10  4:05:09 0 [Note] Server socket created on IP: '::'.
2025-06-10  4:06:45 0 [Note] Starting MariaDB 10.4.32-MariaDB source revision c4143f909528e3fab0677a28631d10389354c491 as process 5836
2025-06-10  4:06:45 0 [Note] InnoDB: Mutexes and rw_locks use Windows interlocked functions
2025-06-10  4:06:45 0 [Note] InnoDB: Uses event mutexes
2025-06-10  4:06:45 0 [Note] InnoDB: Compressed tables use zlib 1.3
2025-06-10  4:06:45 0 [Note] InnoDB: Number of pools: 1
2025-06-10  4:06:45 0 [Note] InnoDB: Using SSE2 crc32 instructions
2025-06-10  4:06:45 0 [Note] InnoDB: Initializing buffer pool, total size = 16M, instances = 1, chunk size = 16M
2025-06-10  4:06:45 0 [Note] InnoDB: Completed initialization of buffer pool
2025-06-10  4:06:45 0 [Note] InnoDB: Starting crash recovery from checkpoint LSN=300486
2025-06-10  4:06:46 0 [Note] InnoDB: 128 out of 128 rollback segments are active.
2025-06-10  4:06:46 0 [Note] InnoDB: Removed temporary tablespace data file: "ibtmp1"
2025-06-10  4:06:46 0 [Note] InnoDB: Creating shared tablespace for temporary tables
2025-06-10  4:06:46 0 [Note] InnoDB: Setting file 'C:\xampp\mysql\data\ibtmp1' size to 12 MB. Physically writing the file full; Please wait ...
2025-06-10  4:06:46 0 [Note] InnoDB: File 'C:\xampp\mysql\data\ibtmp1' size is now 12 MB.
2025-06-10  4:06:46 0 [Note] InnoDB: Waiting for purge to start
2025-06-10  4:06:46 0 [Note] InnoDB: 10.4.32 started; log sequence number 300495; transaction id 170
2025-06-10  4:06:46 0 [Note] InnoDB: Loading buffer pool(s) from C:\xampp\mysql\data\ib_buffer_pool
2025-06-10  4:06:46 0 [Note] Plugin 'FEEDBACK' is disabled.
2025-06-10  4:06:46 0 [Note] Server socket created on IP: '::'.
2025-06-10  6:07:13 0 [Note] Starting MariaDB 10.4.32-MariaDB source revision c4143f909528e3fab0677a28631d10389354c491 as process 16344
2025-06-10  6:07:13 0 [Note] InnoDB: Mutexes and rw_locks use Windows interlocked functions
2025-06-10  6:07:13 0 [Note] InnoDB: Uses event mutexes
2025-06-10  6:07:13 0 [Note] InnoDB: Compressed tables use zlib 1.3
2025-06-10  6:07:13 0 [Note] InnoDB: Number of pools: 1
2025-06-10  6:07:13 0 [Note] InnoDB: Using SSE2 crc32 instructions
2025-06-10  6:07:13 0 [Note] InnoDB: Initializing buffer pool, total size = 16M, instances = 1, chunk size = 16M
2025-06-10  6:07:13 0 [Note] InnoDB: Completed initialization of buffer pool
2025-06-10  6:07:13 0 [Note] InnoDB: Starting crash recovery from checkpoint LSN=5853661
2025-06-10  6:07:14 0 [Note] InnoDB: 128 out of 128 rollback segments are active.
2025-06-10  6:07:14 0 [Note] InnoDB: Removed temporary tablespace data file: "ibtmp1"
2025-06-10  6:07:14 0 [Note] InnoDB: Creating shared tablespace for temporary tables
2025-06-10  6:07:14 0 [Note] InnoDB: Setting file 'C:\MyDevBox\bin\mysql\data\ibtmp1' size to 12 MB. Physically writing the file full; Please wait ...
2025-06-10  6:07:14 0 [Note] InnoDB: File 'C:\MyDevBox\bin\mysql\data\ibtmp1' size is now 12 MB.
2025-06-10  6:07:14 0 [Note] InnoDB: Waiting for purge to start
2025-06-10  6:07:14 0 [Note] InnoDB: 10.4.32 started; log sequence number 5853670; transaction id 3988
2025-06-10  6:07:14 0 [Note] InnoDB: Loading buffer pool(s) from C:\MyDevBox\bin\mysql\data\ib_buffer_pool
2025-06-10  6:07:14 0 [Note] Plugin 'FEEDBACK' is disabled.
2025-06-10  6:07:14 0 [Note] Server socket created on IP: '127.0.0.1'.
2025-06-10  6:07:14 0 [Note] InnoDB: Buffer pool(s) load completed at 250610  6:07:14
2025-06-10  6:07:14 0 [Note] Reading of all Master_info entries succeeded
2025-06-10  6:07:14 0 [Note] Added new Master_info '' to hash table
2025-06-10  6:07:14 0 [Note] C:\MyDevBox\bin\mysql\bin\mysqld.exe: ready for connections.
Version: '10.4.32-MariaDB'  socket: ''  port: 3306  mariadb.org binary distribution
2025-06-10  6:20:16 0 [Note] Starting MariaDB 10.4.32-MariaDB source revision c4143f909528e3fab0677a28631d10389354c491 as process 21844
2025-06-10  6:20:16 0 [Note] InnoDB: Mutexes and rw_locks use Windows interlocked functions
2025-06-10  6:20:16 0 [Note] InnoDB: Uses event mutexes
2025-06-10  6:20:16 0 [Note] InnoDB: Compressed tables use zlib 1.3
2025-06-10  6:20:16 0 [Note] InnoDB: Number of pools: 1
2025-06-10  6:20:16 0 [Note] InnoDB: Using SSE2 crc32 instructions
2025-06-10  6:20:16 0 [Note] InnoDB: Initializing buffer pool, total size = 16M, instances = 1, chunk size = 16M
2025-06-10  6:20:16 0 [Note] InnoDB: Completed initialization of buffer pool
2025-06-10  6:20:16 0 [Note] InnoDB: Starting crash recovery from checkpoint LSN=5853679
2025-06-10  6:20:17 0 [Note] InnoDB: 128 out of 128 rollback segments are active.
2025-06-10  6:20:17 0 [Note] InnoDB: Removed temporary tablespace data file: "ibtmp1"
2025-06-10  6:20:17 0 [Note] InnoDB: Creating shared tablespace for temporary tables
2025-06-10  6:20:17 0 [Note] InnoDB: Setting file 'C:\MyDevBox\bin\mysql\data\ibtmp1' size to 12 MB. Physically writing the file full; Please wait ...
2025-06-10  6:20:17 0 [Note] InnoDB: File 'C:\MyDevBox\bin\mysql\data\ibtmp1' size is now 12 MB.
2025-06-10  6:20:17 0 [Note] InnoDB: Waiting for purge to start
2025-06-10  6:20:17 0 [Note] InnoDB: 10.4.32 started; log sequence number 5853688; transaction id 3988
2025-06-10  6:20:17 0 [Note] InnoDB: Loading buffer pool(s) from C:\MyDevBox\bin\mysql\data\ib_buffer_pool
2025-06-10  6:20:17 0 [Note] Plugin 'FEEDBACK' is disabled.
2025-06-10  6:20:17 0 [Note] Server socket created on IP: '127.0.0.1'.
2025-06-10  6:20:17 0 [Note] InnoDB: Buffer pool(s) load completed at 250610  6:20:17
2025-06-10  6:20:17 0 [Note] Reading of all Master_info entries succeeded
2025-06-10  6:20:17 0 [Note] Added new Master_info '' to hash table
2025-06-10  6:20:17 0 [Note] C:\MyDevBox\bin\mysql\bin\mysqld.exe: ready for connections.
Version: '10.4.32-MariaDB'  socket: ''  port: 3306  mariadb.org binary distribution
2025-06-10  6:25:31 0 [Note] Starting MariaDB 10.4.32-MariaDB source revision c4143f909528e3fab0677a28631d10389354c491 as process 4432
2025-06-10  6:25:31 0 [Note] InnoDB: Mutexes and rw_locks use Windows interlocked functions
2025-06-10  6:25:31 0 [Note] InnoDB: Uses event mutexes
2025-06-10  6:25:31 0 [Note] InnoDB: Compressed tables use zlib 1.3
2025-06-10  6:25:31 0 [Note] InnoDB: Number of pools: 1
2025-06-10  6:25:31 0 [Note] InnoDB: Using SSE2 crc32 instructions
2025-06-10  6:25:31 0 [Note] InnoDB: Initializing buffer pool, total size = 16M, instances = 1, chunk size = 16M
2025-06-10  6:25:31 0 [Note] InnoDB: Completed initialization of buffer pool
2025-06-10  6:25:31 0 [Note] InnoDB: Starting crash recovery from checkpoint LSN=5853713
2025-06-10  6:25:31 0 [Note] InnoDB: 128 out of 128 rollback segments are active.
2025-06-10  6:25:31 0 [Note] InnoDB: Removed temporary tablespace data file: "ibtmp1"
2025-06-10  6:25:31 0 [Note] InnoDB: Creating shared tablespace for temporary tables
2025-06-10  6:25:31 0 [Note] InnoDB: Setting file 'C:\MyDevBox\bin\mysql\data\ibtmp1' size to 12 MB. Physically writing the file full; Please wait ...
2025-06-10  6:25:31 0 [Note] InnoDB: File 'C:\MyDevBox\bin\mysql\data\ibtmp1' size is now 12 MB.
2025-06-10  6:25:31 0 [Note] InnoDB: Waiting for purge to start
2025-06-10  6:25:31 0 [Note] InnoDB: 10.4.32 started; log sequence number 5853722; transaction id 3988
2025-06-10  6:25:31 0 [Note] InnoDB: Loading buffer pool(s) from C:\MyDevBox\bin\mysql\data\ib_buffer_pool
2025-06-10  6:25:31 0 [Note] Plugin 'FEEDBACK' is disabled.
2025-06-10  6:25:31 0 [Note] Server socket created on IP: '127.0.0.1'.
2025-06-10  6:25:31 0 [Note] InnoDB: Buffer pool(s) load completed at 250610  6:25:31
2025-06-10  6:25:31 0 [Note] Reading of all Master_info entries succeeded
2025-06-10  6:25:31 0 [Note] Added new Master_info '' to hash table
2025-06-10  6:25:31 0 [Note] C:\MyDevBox\bin\mysql\bin\mysqld.exe: ready for connections.
Version: '10.4.32-MariaDB'  socket: ''  port: 3306  mariadb.org binary distribution
2025-06-10  6:42:32 0 [Note] Starting MariaDB 10.4.32-MariaDB source revision c4143f909528e3fab0677a28631d10389354c491 as process 20660
2025-06-10  6:42:32 0 [Note] InnoDB: Mutexes and rw_locks use Windows interlocked functions
2025-06-10  6:42:32 0 [Note] InnoDB: Uses event mutexes
2025-06-10  6:42:32 0 [Note] InnoDB: Compressed tables use zlib 1.3
2025-06-10  6:42:32 0 [Note] InnoDB: Number of pools: 1
2025-06-10  6:42:32 0 [Note] InnoDB: Using SSE2 crc32 instructions
2025-06-10  6:42:32 0 [Note] InnoDB: Initializing buffer pool, total size = 16M, instances = 1, chunk size = 16M
2025-06-10  6:42:32 0 [Note] InnoDB: Completed initialization of buffer pool
2025-06-10  6:42:32 0 [Note] InnoDB: Starting crash recovery from checkpoint LSN=5853731
2025-06-10  6:42:33 0 [Note] InnoDB: 128 out of 128 rollback segments are active.
2025-06-10  6:42:33 0 [Note] InnoDB: Removed temporary tablespace data file: "ibtmp1"
2025-06-10  6:42:33 0 [Note] InnoDB: Creating shared tablespace for temporary tables
2025-06-10  6:42:33 0 [Note] InnoDB: Setting file 'C:\MyDevBox\bin\mysql\data\ibtmp1' size to 12 MB. Physically writing the file full; Please wait ...
2025-06-10  6:42:33 0 [Note] InnoDB: File 'C:\MyDevBox\bin\mysql\data\ibtmp1' size is now 12 MB.
2025-06-10  6:42:33 0 [Note] InnoDB: Waiting for purge to start
2025-06-10  6:42:33 0 [Note] InnoDB: 10.4.32 started; log sequence number 5853740; transaction id 3988
2025-06-10  6:42:33 0 [Note] InnoDB: Loading buffer pool(s) from C:\MyDevBox\bin\mysql\data\ib_buffer_pool
2025-06-10  6:42:33 0 [Note] Plugin 'FEEDBACK' is disabled.
2025-06-10  6:42:33 0 [Note] Server socket created on IP: '127.0.0.1'.
2025-06-10  6:42:33 0 [Note] InnoDB: Buffer pool(s) load completed at 250610  6:42:33
2025-06-10  6:42:33 0 [Note] Reading of all Master_info entries succeeded
2025-06-10  6:42:33 0 [Note] Added new Master_info '' to hash table
2025-06-10  6:42:33 0 [Note] C:\MyDevBox\bin\mysql\bin\mysqld.exe: ready for connections.
Version: '10.4.32-MariaDB'  socket: ''  port: 3306  mariadb.org binary distribution
2025-06-10  6:52:24 0 [Note] Starting MariaDB 10.4.32-MariaDB source revision c4143f909528e3fab0677a28631d10389354c491 as process 15032
2025-06-10  6:52:24 0 [Note] InnoDB: Mutexes and rw_locks use Windows interlocked functions
2025-06-10  6:52:24 0 [Note] InnoDB: Uses event mutexes
2025-06-10  6:52:24 0 [Note] InnoDB: Compressed tables use zlib 1.3
2025-06-10  6:52:24 0 [Note] InnoDB: Number of pools: 1
2025-06-10  6:52:24 0 [Note] InnoDB: Using SSE2 crc32 instructions
2025-06-10  6:52:24 0 [Note] InnoDB: Initializing buffer pool, total size = 16M, instances = 1, chunk size = 16M
2025-06-10  6:52:24 0 [Note] InnoDB: Completed initialization of buffer pool
2025-06-10  6:52:24 0 [Note] InnoDB: Starting crash recovery from checkpoint LSN=5853749
2025-06-10  6:52:24 0 [Note] InnoDB: 128 out of 128 rollback segments are active.
2025-06-10  6:52:24 0 [Note] InnoDB: Removed temporary tablespace data file: "ibtmp1"
2025-06-10  6:52:24 0 [Note] InnoDB: Creating shared tablespace for temporary tables
2025-06-10  6:52:24 0 [Note] InnoDB: Setting file 'C:\MyDevBox\bin\mysql\data\ibtmp1' size to 12 MB. Physically writing the file full; Please wait ...
2025-06-10  6:52:24 0 [Note] InnoDB: File 'C:\MyDevBox\bin\mysql\data\ibtmp1' size is now 12 MB.
2025-06-10  6:52:24 0 [Note] InnoDB: Waiting for purge to start
2025-06-10  6:52:24 0 [Note] InnoDB: 10.4.32 started; log sequence number 5853758; transaction id 3988
2025-06-10  6:52:24 0 [Note] InnoDB: Loading buffer pool(s) from C:\MyDevBox\bin\mysql\data\ib_buffer_pool
2025-06-10  6:52:24 0 [Note] Plugin 'FEEDBACK' is disabled.
2025-06-10  6:52:24 0 [Note] Server socket created on IP: '127.0.0.1'.
2025-06-10  6:52:24 0 [Note] InnoDB: Buffer pool(s) load completed at 250610  6:52:24
2025-06-10  6:52:24 0 [Note] Reading of all Master_info entries succeeded
2025-06-10  6:52:24 0 [Note] Added new Master_info '' to hash table
2025-06-10  6:52:24 0 [Note] C:\MyDevBox\bin\mysql\bin\mysqld.exe: ready for connections.
Version: '10.4.32-MariaDB'  socket: ''  port: 3306  mariadb.org binary distribution
2025-06-10  6:53:45 0 [Note] Starting MariaDB 10.4.32-MariaDB source revision c4143f909528e3fab0677a28631d10389354c491 as process 2944
2025-06-10  6:53:45 0 [Note] InnoDB: Mutexes and rw_locks use Windows interlocked functions
2025-06-10  6:53:45 0 [Note] InnoDB: Uses event mutexes
2025-06-10  6:53:45 0 [Note] InnoDB: Compressed tables use zlib 1.3
2025-06-10  6:53:45 0 [Note] InnoDB: Number of pools: 1
2025-06-10  6:53:45 0 [Note] InnoDB: Using SSE2 crc32 instructions
2025-06-10  6:53:45 0 [Note] InnoDB: Initializing buffer pool, total size = 16M, instances = 1, chunk size = 16M
2025-06-10  6:53:45 0 [Note] InnoDB: Completed initialization of buffer pool
2025-06-10  6:53:45 0 [Note] InnoDB: Starting crash recovery from checkpoint LSN=5853767
2025-06-10  6:53:45 0 [Note] InnoDB: 128 out of 128 rollback segments are active.
2025-06-10  6:53:45 0 [Note] InnoDB: Removed temporary tablespace data file: "ibtmp1"
2025-06-10  6:53:45 0 [Note] InnoDB: Creating shared tablespace for temporary tables
2025-06-10  6:53:45 0 [Note] InnoDB: Setting file 'C:\MyDevBox\bin\mysql\data\ibtmp1' size to 12 MB. Physically writing the file full; Please wait ...
2025-06-10  6:53:45 0 [Note] InnoDB: File 'C:\MyDevBox\bin\mysql\data\ibtmp1' size is now 12 MB.
2025-06-10  6:53:45 0 [Note] InnoDB: Waiting for purge to start
2025-06-10  6:53:45 0 [Note] InnoDB: 10.4.32 started; log sequence number 5853776; transaction id 3988
2025-06-10  6:53:45 0 [Note] InnoDB: Loading buffer pool(s) from C:\MyDevBox\bin\mysql\data\ib_buffer_pool
2025-06-10  6:53:45 0 [Note] Plugin 'FEEDBACK' is disabled.
2025-06-10  6:53:45 0 [Note] Server socket created on IP: '127.0.0.1'.
2025-06-10  6:53:45 0 [Note] InnoDB: Buffer pool(s) load completed at 250610  6:53:45
2025-06-10  6:53:45 0 [Note] Reading of all Master_info entries succeeded
2025-06-10  6:53:45 0 [Note] Added new Master_info '' to hash table
2025-06-10  6:53:45 0 [Note] C:\MyDevBox\bin\mysql\bin\mysqld.exe: ready for connections.
Version: '10.4.32-MariaDB'  socket: ''  port: 3306  mariadb.org binary distribution
2025-06-10  7:01:28 0 [Note] Starting MariaDB 10.4.32-MariaDB source revision c4143f909528e3fab0677a28631d10389354c491 as process 21620
2025-06-10  7:01:28 0 [Note] InnoDB: Mutexes and rw_locks use Windows interlocked functions
2025-06-10  7:01:28 0 [Note] InnoDB: Uses event mutexes
2025-06-10  7:01:28 0 [Note] InnoDB: Compressed tables use zlib 1.3
2025-06-10  7:01:28 0 [Note] InnoDB: Number of pools: 1
2025-06-10  7:01:28 0 [Note] InnoDB: Using SSE2 crc32 instructions
2025-06-10  7:01:28 0 [Note] InnoDB: Initializing buffer pool, total size = 16M, instances = 1, chunk size = 16M
2025-06-10  7:01:28 0 [Note] InnoDB: Completed initialization of buffer pool
2025-06-10  7:01:28 0 [Note] InnoDB: Starting crash recovery from checkpoint LSN=5853785
2025-06-10  7:01:28 0 [Note] InnoDB: 128 out of 128 rollback segments are active.
2025-06-10  7:01:28 0 [Note] InnoDB: Removed temporary tablespace data file: "ibtmp1"
2025-06-10  7:01:28 0 [Note] InnoDB: Creating shared tablespace for temporary tables
2025-06-10  7:01:28 0 [Note] InnoDB: Setting file 'C:\MyDevBox\bin\mysql\data\ibtmp1' size to 12 MB. Physically writing the file full; Please wait ...
2025-06-10  7:01:28 0 [Note] InnoDB: File 'C:\MyDevBox\bin\mysql\data\ibtmp1' size is now 12 MB.
2025-06-10  7:01:28 0 [Note] InnoDB: Waiting for purge to start
2025-06-10  7:01:28 0 [Note] InnoDB: 10.4.32 started; log sequence number 5853794; transaction id 3988
2025-06-10  7:01:28 0 [Note] InnoDB: Loading buffer pool(s) from C:\MyDevBox\bin\mysql\data\ib_buffer_pool
2025-06-10  7:01:28 0 [Note] Plugin 'FEEDBACK' is disabled.
2025-06-10  7:01:28 0 [Note] Server socket created on IP: '127.0.0.1'.
2025-06-10  7:01:28 0 [Note] InnoDB: Buffer pool(s) load completed at 250610  7:01:28
2025-06-10  7:01:28 0 [Note] Reading of all Master_info entries succeeded
2025-06-10  7:01:28 0 [Note] Added new Master_info '' to hash table
2025-06-10  7:01:28 0 [Note] C:\MyDevBox\bin\mysql\bin\mysqld.exe: ready for connections.
Version: '10.4.32-MariaDB'  socket: ''  port: 3306  mariadb.org binary distribution
2025-06-10  7:02:32 0 [Note] Starting MariaDB 10.4.32-MariaDB source revision c4143f909528e3fab0677a28631d10389354c491 as process 23524
2025-06-10  7:02:32 0 [Note] InnoDB: Mutexes and rw_locks use Windows interlocked functions
2025-06-10  7:02:32 0 [Note] InnoDB: Uses event mutexes
2025-06-10  7:02:32 0 [Note] InnoDB: Compressed tables use zlib 1.3
2025-06-10  7:02:32 0 [Note] InnoDB: Number of pools: 1
2025-06-10  7:02:32 0 [Note] InnoDB: Using SSE2 crc32 instructions
2025-06-10  7:02:32 0 [Note] InnoDB: Initializing buffer pool, total size = 16M, instances = 1, chunk size = 16M
2025-06-10  7:02:32 0 [Note] InnoDB: Completed initialization of buffer pool
2025-06-10  7:02:32 0 [Note] InnoDB: Starting crash recovery from checkpoint LSN=5853803
2025-06-10  7:02:32 0 [Note] InnoDB: 128 out of 128 rollback segments are active.
2025-06-10  7:02:32 0 [Note] InnoDB: Removed temporary tablespace data file: "ibtmp1"
2025-06-10  7:02:32 0 [Note] InnoDB: Creating shared tablespace for temporary tables
2025-06-10  7:02:32 0 [Note] InnoDB: Setting file 'C:\MyDevBox\bin\mysql\data\ibtmp1' size to 12 MB. Physically writing the file full; Please wait ...
2025-06-10  7:02:32 0 [Note] InnoDB: File 'C:\MyDevBox\bin\mysql\data\ibtmp1' size is now 12 MB.
2025-06-10  7:02:32 0 [Note] InnoDB: Waiting for purge to start
2025-06-10  7:02:32 0 [Note] InnoDB: 10.4.32 started; log sequence number 5853812; transaction id 3988
2025-06-10  7:02:32 0 [Note] InnoDB: Loading buffer pool(s) from C:\MyDevBox\bin\mysql\data\ib_buffer_pool
2025-06-10  7:02:32 0 [Note] Plugin 'FEEDBACK' is disabled.
2025-06-10  7:02:32 0 [Note] Server socket created on IP: '127.0.0.1'.
2025-06-10  7:02:32 0 [Note] InnoDB: Buffer pool(s) load completed at 250610  7:02:32
2025-06-10  7:02:32 0 [Note] Reading of all Master_info entries succeeded
2025-06-10  7:02:32 0 [Note] Added new Master_info '' to hash table
2025-06-10  7:02:32 0 [Note] C:\MyDevBox\bin\mysql\bin\mysqld.exe: ready for connections.
Version: '10.4.32-MariaDB'  socket: ''  port: 3306  mariadb.org binary distribution
2025-06-10  7:07:58 0 [Note] Starting MariaDB 10.4.32-MariaDB source revision c4143f909528e3fab0677a28631d10389354c491 as process 23524
2025-06-10  7:07:58 0 [Note] InnoDB: Mutexes and rw_locks use Windows interlocked functions
2025-06-10  7:07:58 0 [Note] InnoDB: Uses event mutexes
2025-06-10  7:07:58 0 [Note] InnoDB: Compressed tables use zlib 1.3
2025-06-10  7:07:58 0 [Note] InnoDB: Number of pools: 1
2025-06-10  7:07:58 0 [Note] InnoDB: Using SSE2 crc32 instructions
2025-06-10  7:07:58 0 [Note] InnoDB: Initializing buffer pool, total size = 16M, instances = 1, chunk size = 16M
2025-06-10  7:07:58 0 [Note] InnoDB: Completed initialization of buffer pool
2025-06-10  7:07:58 0 [Note] InnoDB: Starting crash recovery from checkpoint LSN=5853821
2025-06-10  7:07:59 0 [Note] InnoDB: 128 out of 128 rollback segments are active.
2025-06-10  7:07:59 0 [Note] InnoDB: Removed temporary tablespace data file: "ibtmp1"
2025-06-10  7:07:59 0 [Note] InnoDB: Creating shared tablespace for temporary tables
2025-06-10  7:07:59 0 [Note] InnoDB: Setting file 'C:\MyDevBox\bin\mysql\data\ibtmp1' size to 12 MB. Physically writing the file full; Please wait ...
2025-06-10  7:07:59 0 [Note] InnoDB: File 'C:\MyDevBox\bin\mysql\data\ibtmp1' size is now 12 MB.
2025-06-10  7:07:59 0 [Note] InnoDB: Waiting for purge to start
2025-06-10  7:07:59 0 [Note] InnoDB: 10.4.32 started; log sequence number 5853830; transaction id 3988
2025-06-10  7:07:59 0 [Note] InnoDB: Loading buffer pool(s) from C:\MyDevBox\bin\mysql\data\ib_buffer_pool
2025-06-10  7:07:59 0 [Note] Plugin 'FEEDBACK' is disabled.
2025-06-10  7:07:59 0 [Note] Server socket created on IP: '127.0.0.1'.
2025-06-10  7:07:59 0 [Note] InnoDB: Buffer pool(s) load completed at 250610  7:07:59
2025-06-10  7:07:59 0 [Note] Reading of all Master_info entries succeeded
2025-06-10  7:07:59 0 [Note] Added new Master_info '' to hash table
2025-06-10  7:07:59 0 [Note] C:\MyDevBox\bin\mysql\bin\mysqld.exe: ready for connections.
Version: '10.4.32-MariaDB'  socket: ''  port: 3306  mariadb.org binary distribution
2025-06-10  7:09:46 0 [Note] Starting MariaDB 10.4.32-MariaDB source revision c4143f909528e3fab0677a28631d10389354c491 as process 20316
2025-06-10  7:09:46 0 [Note] InnoDB: Mutexes and rw_locks use Windows interlocked functions
2025-06-10  7:09:46 0 [Note] InnoDB: Uses event mutexes
2025-06-10  7:09:46 0 [Note] InnoDB: Compressed tables use zlib 1.3
2025-06-10  7:09:46 0 [Note] InnoDB: Number of pools: 1
2025-06-10  7:09:46 0 [Note] InnoDB: Using SSE2 crc32 instructions
2025-06-10  7:09:46 0 [Note] InnoDB: Initializing buffer pool, total size = 16M, instances = 1, chunk size = 16M
2025-06-10  7:09:46 0 [Note] InnoDB: Completed initialization of buffer pool
2025-06-10  7:09:46 0 [Note] InnoDB: Starting crash recovery from checkpoint LSN=5853839
2025-06-10  7:09:47 0 [Note] InnoDB: 128 out of 128 rollback segments are active.
2025-06-10  7:09:47 0 [Note] InnoDB: Removed temporary tablespace data file: "ibtmp1"
2025-06-10  7:09:47 0 [Note] InnoDB: Creating shared tablespace for temporary tables
2025-06-10  7:09:47 0 [Note] InnoDB: Setting file 'C:\MyDevBox\bin\mysql\data\ibtmp1' size to 12 MB. Physically writing the file full; Please wait ...
2025-06-10  7:09:47 0 [Note] InnoDB: File 'C:\MyDevBox\bin\mysql\data\ibtmp1' size is now 12 MB.
2025-06-10  7:09:47 0 [Note] InnoDB: Waiting for purge to start
2025-06-10  7:09:47 0 [Note] InnoDB: 10.4.32 started; log sequence number 5853848; transaction id 3988
2025-06-10  7:09:47 0 [Note] InnoDB: Loading buffer pool(s) from C:\MyDevBox\bin\mysql\data\ib_buffer_pool
2025-06-10  7:09:47 0 [Note] Plugin 'FEEDBACK' is disabled.
2025-06-10  7:09:47 0 [Note] Server socket created on IP: '127.0.0.1'.
2025-06-10  7:09:47 0 [Note] InnoDB: Buffer pool(s) load completed at 250610  7:09:47
2025-06-10  7:09:47 0 [Note] Reading of all Master_info entries succeeded
2025-06-10  7:09:47 0 [Note] Added new Master_info '' to hash table
2025-06-10  7:09:47 0 [Note] C:\MyDevBox\bin\mysql\bin\mysqld.exe: ready for connections.
Version: '10.4.32-MariaDB'  socket: ''  port: 3306  mariadb.org binary distribution
2025-06-10  7:19:50 0 [Note] Starting MariaDB 10.4.32-MariaDB source revision c4143f909528e3fab0677a28631d10389354c491 as process 20720
2025-06-10  7:19:50 0 [Note] InnoDB: Mutexes and rw_locks use Windows interlocked functions
2025-06-10  7:19:50 0 [Note] InnoDB: Uses event mutexes
2025-06-10  7:19:50 0 [Note] InnoDB: Compressed tables use zlib 1.3
2025-06-10  7:19:50 0 [Note] InnoDB: Number of pools: 1
2025-06-10  7:19:50 0 [Note] InnoDB: Using SSE2 crc32 instructions
2025-06-10  7:19:50 0 [Note] InnoDB: Initializing buffer pool, total size = 16M, instances = 1, chunk size = 16M
2025-06-10  7:19:50 0 [Note] InnoDB: Completed initialization of buffer pool
2025-06-10  7:19:50 0 [Note] InnoDB: Starting crash recovery from checkpoint LSN=5853857
2025-06-10  7:19:50 0 [Note] InnoDB: 128 out of 128 rollback segments are active.
2025-06-10  7:19:50 0 [Note] InnoDB: Removed temporary tablespace data file: "ibtmp1"
2025-06-10  7:19:50 0 [Note] InnoDB: Creating shared tablespace for temporary tables
2025-06-10  7:19:50 0 [Note] InnoDB: Setting file 'C:\MyDevBox\bin\mysql\data\ibtmp1' size to 12 MB. Physically writing the file full; Please wait ...
2025-06-10  7:19:50 0 [Note] InnoDB: File 'C:\MyDevBox\bin\mysql\data\ibtmp1' size is now 12 MB.
2025-06-10  7:19:50 0 [Note] InnoDB: Waiting for purge to start
2025-06-10  7:19:50 0 [Note] InnoDB: 10.4.32 started; log sequence number 5853866; transaction id 3988
2025-06-10  7:19:50 0 [Note] InnoDB: Loading buffer pool(s) from C:\MyDevBox\bin\mysql\data\ib_buffer_pool
2025-06-10  7:19:50 0 [Note] Plugin 'FEEDBACK' is disabled.
2025-06-10  7:19:50 0 [Note] Server socket created on IP: '127.0.0.1'.
2025-06-10  7:19:50 0 [Note] InnoDB: Buffer pool(s) load completed at 250610  7:19:50
2025-06-10  7:19:50 0 [Note] Reading of all Master_info entries succeeded
2025-06-10  7:19:50 0 [Note] Added new Master_info '' to hash table
2025-06-10  7:19:50 0 [Note] C:\MyDevBox\bin\mysql\bin\mysqld.exe: ready for connections.
Version: '10.4.32-MariaDB'  socket: ''  port: 3306  mariadb.org binary distribution
2025-06-10  7:28:27 0 [Note] Starting MariaDB 10.4.32-MariaDB source revision c4143f909528e3fab0677a28631d10389354c491 as process 3276
2025-06-10  7:28:28 0 [Note] InnoDB: Mutexes and rw_locks use Windows interlocked functions
2025-06-10  7:28:28 0 [Note] InnoDB: Uses event mutexes
2025-06-10  7:28:28 0 [Note] InnoDB: Compressed tables use zlib 1.3
2025-06-10  7:28:28 0 [Note] InnoDB: Number of pools: 1
2025-06-10  7:28:28 0 [Note] InnoDB: Using SSE2 crc32 instructions
2025-06-10  7:28:28 0 [Note] InnoDB: Initializing buffer pool, total size = 16M, instances = 1, chunk size = 16M
2025-06-10  7:28:28 0 [Note] InnoDB: Completed initialization of buffer pool
2025-06-10  7:28:28 0 [Note] InnoDB: Starting crash recovery from checkpoint LSN=5853875
2025-06-10  7:28:28 0 [Note] InnoDB: 128 out of 128 rollback segments are active.
2025-06-10  7:28:28 0 [Note] InnoDB: Removed temporary tablespace data file: "ibtmp1"
2025-06-10  7:28:28 0 [Note] InnoDB: Creating shared tablespace for temporary tables
2025-06-10  7:28:28 0 [Note] InnoDB: Setting file 'C:\MyDevBox\bin\mysql\data\ibtmp1' size to 12 MB. Physically writing the file full; Please wait ...
2025-06-10  7:28:28 0 [Note] InnoDB: File 'C:\MyDevBox\bin\mysql\data\ibtmp1' size is now 12 MB.
2025-06-10  7:28:28 0 [Note] InnoDB: Waiting for purge to start
2025-06-10  7:28:28 0 [Note] InnoDB: 10.4.32 started; log sequence number 5853884; transaction id 3988
2025-06-10  7:28:28 0 [Note] InnoDB: Loading buffer pool(s) from C:\MyDevBox\bin\mysql\data\ib_buffer_pool
2025-06-10  7:28:28 0 [Note] Plugin 'FEEDBACK' is disabled.
2025-06-10  7:28:28 0 [Note] Server socket created on IP: '127.0.0.1'.
2025-06-10  7:28:28 0 [Note] InnoDB: Buffer pool(s) load completed at 250610  7:28:28
2025-06-10  7:28:28 0 [Note] Reading of all Master_info entries succeeded
2025-06-10  7:28:28 0 [Note] Added new Master_info '' to hash table
2025-06-10  7:28:28 0 [Note] C:\MyDevBox\bin\mysql\bin\mysqld.exe: ready for connections.
Version: '10.4.32-MariaDB'  socket: ''  port: 3306  mariadb.org binary distribution
2025-06-10  7:32:08 0 [Note] Starting MariaDB 10.4.32-MariaDB source revision c4143f909528e3fab0677a28631d10389354c491 as process 10904
2025-06-10  7:32:08 0 [Note] InnoDB: Mutexes and rw_locks use Windows interlocked functions
2025-06-10  7:32:08 0 [Note] InnoDB: Uses event mutexes
2025-06-10  7:32:08 0 [Note] InnoDB: Compressed tables use zlib 1.3
2025-06-10  7:32:08 0 [Note] InnoDB: Number of pools: 1
2025-06-10  7:32:08 0 [Note] InnoDB: Using SSE2 crc32 instructions
2025-06-10  7:32:08 0 [Note] InnoDB: Initializing buffer pool, total size = 16M, instances = 1, chunk size = 16M
2025-06-10  7:32:08 0 [Note] InnoDB: Completed initialization of buffer pool
2025-06-10  7:32:08 0 [Note] InnoDB: Starting crash recovery from checkpoint LSN=5853893
2025-06-10  7:32:08 0 [Note] InnoDB: 128 out of 128 rollback segments are active.
2025-06-10  7:32:08 0 [Note] InnoDB: Removed temporary tablespace data file: "ibtmp1"
2025-06-10  7:32:08 0 [Note] InnoDB: Creating shared tablespace for temporary tables
2025-06-10  7:32:08 0 [Note] InnoDB: Setting file 'C:\MyDevBox\bin\mysql\data\ibtmp1' size to 12 MB. Physically writing the file full; Please wait ...
2025-06-10  7:32:08 0 [Note] InnoDB: File 'C:\MyDevBox\bin\mysql\data\ibtmp1' size is now 12 MB.
2025-06-10  7:32:08 0 [Note] InnoDB: Waiting for purge to start
2025-06-10  7:32:08 0 [Note] InnoDB: 10.4.32 started; log sequence number 5853902; transaction id 3988
2025-06-10  7:32:08 0 [Note] InnoDB: Loading buffer pool(s) from C:\MyDevBox\bin\mysql\data\ib_buffer_pool
2025-06-10  7:32:08 0 [Note] Plugin 'FEEDBACK' is disabled.
2025-06-10  7:32:08 0 [Note] Server socket created on IP: '127.0.0.1'.
2025-06-10  7:32:08 0 [Note] InnoDB: Buffer pool(s) load completed at 250610  7:32:08
2025-06-10  7:32:08 0 [Note] Reading of all Master_info entries succeeded
2025-06-10  7:32:08 0 [Note] Added new Master_info '' to hash table
2025-06-10  7:32:08 0 [Note] C:\MyDevBox\bin\mysql\bin\mysqld.exe: ready for connections.
Version: '10.4.32-MariaDB'  socket: ''  port: 3306  mariadb.org binary distribution
2025-06-10  7:33:15 0 [Note] Starting MariaDB 10.4.32-MariaDB source revision c4143f909528e3fab0677a28631d10389354c491 as process 6316
2025-06-10  7:33:15 0 [ERROR] InnoDB: The innodb_system data file 'ibdata1' must be writable
2025-06-10  7:33:15 0 [ERROR] InnoDB: The innodb_system data file 'ibdata1' must be writable
2025-06-10  7:33:15 0 [ERROR] Plugin 'InnoDB' registration as a STORAGE ENGINE failed.
2025-06-10  7:33:15 0 [Note] Plugin 'FEEDBACK' is disabled.
2025-06-10  7:33:15 0 [ERROR] Unknown/unsupported storage engine: InnoDB
2025-06-10  7:33:15 0 [ERROR] Aborting
2025-06-10  7:34:31 0 [Note] Starting MariaDB 10.4.32-MariaDB source revision c4143f909528e3fab0677a28631d10389354c491 as process 22212
2025-06-10  7:34:31 0 [ERROR] InnoDB: The innodb_system data file 'ibdata1' must be writable
2025-06-10  7:34:31 0 [ERROR] InnoDB: The innodb_system data file 'ibdata1' must be writable
2025-06-10  7:34:31 0 [ERROR] Plugin 'InnoDB' registration as a STORAGE ENGINE failed.
2025-06-10  7:34:31 0 [Note] Plugin 'FEEDBACK' is disabled.
2025-06-10  7:34:31 0 [ERROR] Unknown/unsupported storage engine: InnoDB
2025-06-10  7:34:31 0 [ERROR] Aborting
2025-06-10  7:40:45 0 [Note] Starting MariaDB 10.4.32-MariaDB source revision c4143f909528e3fab0677a28631d10389354c491 as process 6800
2025-06-10  7:40:45 0 [ERROR] InnoDB: The innodb_system data file 'ibdata1' must be writable
2025-06-10  7:40:45 0 [ERROR] InnoDB: The innodb_system data file 'ibdata1' must be writable
2025-06-10  7:40:45 0 [ERROR] Plugin 'InnoDB' registration as a STORAGE ENGINE failed.
2025-06-10  7:40:45 0 [Note] Plugin 'FEEDBACK' is disabled.
2025-06-10  7:40:45 0 [ERROR] Unknown/unsupported storage engine: InnoDB
2025-06-10  7:40:45 0 [ERROR] Aborting
2025-06-10  7:46:43 0 [Note] Starting MariaDB 10.4.32-MariaDB source revision c4143f909528e3fab0677a28631d10389354c491 as process 25508
2025-06-10  7:46:44 0 [ERROR] InnoDB: The innodb_system data file 'ibdata1' must be writable
2025-06-10  7:46:44 0 [ERROR] InnoDB: The innodb_system data file 'ibdata1' must be writable
2025-06-10  7:46:44 0 [ERROR] Plugin 'InnoDB' registration as a STORAGE ENGINE failed.
2025-06-10  7:46:44 0 [Note] Plugin 'FEEDBACK' is disabled.
2025-06-10  7:46:44 0 [ERROR] Unknown/unsupported storage engine: InnoDB
2025-06-10  7:46:44 0 [ERROR] Aborting
2025-06-10  7:53:40 0 [Note] Starting MariaDB 10.4.32-MariaDB source revision c4143f909528e3fab0677a28631d10389354c491 as process 20800
2025-06-10  7:53:40 0 [ERROR] InnoDB: The innodb_system data file 'ibdata1' must be writable
2025-06-10  7:53:40 0 [ERROR] InnoDB: The innodb_system data file 'ibdata1' must be writable
2025-06-10  7:53:40 0 [ERROR] Plugin 'InnoDB' registration as a STORAGE ENGINE failed.
2025-06-10  7:53:40 0 [Note] Plugin 'FEEDBACK' is disabled.
2025-06-10  7:53:40 0 [ERROR] Unknown/unsupported storage engine: InnoDB
2025-06-10  7:53:40 0 [ERROR] Aborting
2025-06-10  7:53:57 0 [Note] Starting MariaDB 10.4.32-MariaDB source revision c4143f909528e3fab0677a28631d10389354c491 as process 8332
2025-06-10  7:53:57 0 [ERROR] InnoDB: The innodb_system data file 'ibdata1' must be writable
2025-06-10  7:53:57 0 [ERROR] InnoDB: The innodb_system data file 'ibdata1' must be writable
2025-06-10  7:53:57 0 [ERROR] Plugin 'InnoDB' registration as a STORAGE ENGINE failed.
2025-06-10  7:53:57 0 [Note] Plugin 'FEEDBACK' is disabled.
2025-06-10  7:53:57 0 [ERROR] Unknown/unsupported storage engine: InnoDB
2025-06-10  7:53:57 0 [ERROR] Aborting
2025-06-10  7:55:42 0 [Note] Starting MariaDB 10.4.32-MariaDB source revision c4143f909528e3fab0677a28631d10389354c491 as process 3568
2025-06-10  7:55:42 0 [ERROR] InnoDB: The innodb_system data file 'ibdata1' must be writable
2025-06-10  7:55:42 0 [ERROR] InnoDB: The innodb_system data file 'ibdata1' must be writable
2025-06-10  7:55:42 0 [ERROR] Plugin 'InnoDB' registration as a STORAGE ENGINE failed.
2025-06-10  7:55:42 0 [Note] Plugin 'FEEDBACK' is disabled.
2025-06-10  7:55:42 0 [ERROR] Unknown/unsupported storage engine: InnoDB
2025-06-10  7:55:42 0 [ERROR] Aborting
